{"/Users/jyrilindroos/source/repos/HTML-CSS-JS/testaus/aritmeettiset.js": {"path":"/Users/jyrilindroos/source/repos/HTML-CSS-JS/testaus/aritmeettiset.js","statementMap":{"0":{"start":{"line":2,"column":14},"end":{"line":2,"column":26}},"1":{"start":{"line":2,"column":23},"end":{"line":2,"column":26}},"2":{"start":{"line":3,"column":14},"end":{"line":3,"column":26}},"3":{"start":{"line":3,"column":23},"end":{"line":3,"column":26}},"4":{"start":{"line":4,"column":13},"end":{"line":4,"column":25}},"5":{"start":{"line":4,"column":22},"end":{"line":4,"column":25}},"6":{"start":{"line":5,"column":17},"end":{"line":5,"column":29}},"7":{"start":{"line":5,"column":26},"end":{"line":5,"column":29}},"8":{"start":{"line":6,"column":0},"end":{"line":6,"column":48}}},"fnMap":{"0":{"name":"(anonymous_0)","decl":{"start":{"line":2,"column":14},"end":{"line":2,"column":15}},"loc":{"start":{"line":2,"column":23},"end":{"line":2,"column":26}},"line":2},"1":{"name":"(anonymous_1)","decl":{"start":{"line":3,"column":14},"end":{"line":3,"column":15}},"loc":{"start":{"line":3,"column":23},"end":{"line":3,"column":26}},"line":3},"2":{"name":"(anonymous_2)","decl":{"start":{"line":4,"column":13},"end":{"line":4,"column":14}},"loc":{"start":{"line":4,"column":22},"end":{"line":4,"column":25}},"line":4},"3":{"name":"(anonymous_3)","decl":{"start":{"line":5,"column":17},"end":{"line":5,"column":18}},"loc":{"start":{"line":5,"column":26},"end":{"line":5,"column":29}},"line":5}},"branchMap":{},"s":{"0":1,"1":3,"2":1,"3":3,"4":1,"5":3,"6":1,"7":3,"8":1},"f":{"0":3,"1":3,"2":3,"3":3},"b":{},"_coverageSchema":"1a1c01bbd47fc00a2c39e90264f33305004495a9","hash":"9603028eae562dac560f5e46d07963e3618e440d"}
,"/Users/jyrilindroos/source/repos/HTML-CSS-JS/testaus/summa.js": {"path":"/Users/jyrilindroos/source/repos/HTML-CSS-JS/testaus/summa.js","statementMap":{"0":{"start":{"line":3,"column":2},"end":{"line":3,"column":13}},"1":{"start":{"line":5,"column":0},"end":{"line":5,"column":23}}},"fnMap":{"0":{"name":"summa","decl":{"start":{"line":1,"column":9},"end":{"line":1,"column":14}},"loc":{"start":{"line":2,"column":0},"end":{"line":4,"column":1}},"line":2}},"branchMap":{},"s":{"0":1,"1":1},"f":{"0":1},"b":{},"_coverageSchema":"1a1c01bbd47fc00a2c39e90264f33305004495a9","hash":"5bb8d1472b3310cdc2862298a89862ecc1068b0e"}
}
